build/outputs/logs/manifest-merger-debug-report.txt
-- Merging decision tree log ---
manifest
ADDED from src/main/AndroidManifest.xml:2:1-149:12
INJECTED from src/main/AndroidManifest.xml:2:1-149:12
INJECTED from src/main/AndroidManifest.xml:2:1-149:12
INJECTED from src/main/AndroidManifest.xml:2:1-149:12
MERGED from [UnityAds.aar] AndroidManifest.xml:2:1-37:12
MERGED from [line-sdk-4.0.8.aar] AndroidManifest.xml:2:1-41:12
MERGED from [com.android.databinding:adapters:3.2.0] AndroidManifest.xml:17:1-24:12
MERGED from [com.android.databinding:library:3.2.0] AndroidManifest.xml:17:1-24:12
MERGED from [:UnityAds:] AndroidManifest.xml:2:1-37:12
MERGED from [:answers] AndroidManifest.xml:2:1-12:12
MERGED from [:beta] AndroidManifest.xml:2:1-12:12
MERGED from [:crashlytics] AndroidManifest.xml:2:1-12:12
MERGED from [:crashlytics-wrapper] AndroidManifest.xml:2:1-10:12
MERGED from [:fabric] AndroidManifest.xml:2:1-28:12
MERGED from [:fabric-init] AndroidManifest.xml:2:1-12:12
MERGED from [com.android.support:design:27.1.1] AndroidManifest.xml:17:1-22:12
MERGED from [gun0912.ted:tedpermission:2.1.1] AndroidManifest.xml:2:1-17:12
MERGED from [com.facebook.android:facebook-android-sdk:4.42.0] AndroidManifest.xml:21:1-31:12
MERGED from [com.facebook.android:facebook-login:4.42.0] AndroidManifest.xml:21:1-31:12
MERGED from [com.facebook.android:facebook-share:4.42.0] AndroidManifest.xml:21:1-31:12
MERGED from [com.facebook.android:facebook-common:4.42.0] AndroidManifest.xml:21:1-37:12
MERGED from [com.android.support:appcompat-v7:27.1.1] AndroidManifest.xml:17:1-22:12
MERGED from [com.android.support:cardview-v7:27.1.1] AndroidManifest.xml:17:1-22:12
MERGED from [com.android.support:customtabs:27.1.1] AndroidManifest.xml:17:1-22:12
MERGED from [com.android.support.constraint:constraint-layout:1.1.3] AndroidManifest.xml:2:1-11:12
MERGED from [com.google.firebase:firebase-auth:11.6.0] AndroidManifest.xml:16:1-21:12
MERGED from [com.google.firebase:firebase-messaging:11.6.0] AndroidManifest.xml:16:1-30:12
MERGED from [com.google.android.gms:play-services-auth:11.6.0] AndroidManifest.xml:16:1-26:12
MERGED from [com.google.firebase:firebase-core:11.6.0] AndroidManifest.xml:2:1-6:12
MERGED from [com.google.firebase:firebase-analytics:11.6.0] AndroidManifest.xml:16:1-35:12
MERGED from [com.google.android.gms:play-services-auth-api-phone:11.6.0] AndroidManifest.xml:2:1-4:12
MERGED from [com.google.android.gms:play-services-auth-base:11.6.0] AndroidManifest.xml:2:1-5:12
MERGED from [com.google.android.gms:play-services-base:11.6.0] AndroidManifest.xml:16:1-21:12
MERGED from [com.google.firebase:firebase-analytics-impl:11.6.0] AndroidManifest.xml:16:1-29:12
MERGED from [com.google.firebase:firebase-iid:11.6.0] AndroidManifest.xml:16:1-47:12
MERGED from [com.google.firebase:firebase-common:11.6.0] AndroidManifest.xml:2:1-8:12
MERGED from [com.google.android.gms:play-services-tasks:11.6.0] AndroidManifest.xml:2:1-5:12
MERGED from [com.google.android.gms:play-services-basement:11.6.0] AndroidManifest.xml:16:1-23:12
MERGED from [com.android.support:support-v4:27.1.1] AndroidManifest.xml:17:1-22:12
MERGED from [io.reactivex.rxjava2:rxandroid:2.1.0] AndroidManifest.xml:15:1-20:12
MERGED from [com.github.bumptech.glide:okhttp3-integration:4.8.0] AndroidManifest.xml:2:1-16:12
MERGED from [com.kakao.sdk:usermgmt:1.2.2] AndroidManifest.xml:2:1-15:12
MERGED from [com.android.support:recyclerview-v7:27.1.1] AndroidManifest.xml:17:1-22:12
MERGED from [com.android.support:transition:27.1.1] AndroidManifest.xml:17:1-22:12
MERGED from [com.android.support:animated-vector-drawable:27.1.1] AndroidManifest.xml:17:1-22:12
MERGED from [com.github.bumptech.glide:glide:4.8.0] AndroidManifest.xml:2:1-12:12
MERGED from [com.kakao.sdk:auth:1.2.2] AndroidManifest.xml:2:1-26:12
MERGED from [com.android.support:support-fragment:27.1.1] AndroidManifest.xml:17:1-22:12
MERGED from [com.android.support:support-core-ui:27.1.1] AndroidManifest.xml:17:1-22:12
MERGED from [com.facebook.android:facebook-places:4.42.0] AndroidManifest.xml:21:1-31:12
MERGED from [com.facebook.android:facebook-applinks:4.42.0] AndroidManifest.xml:21:1-31:12
MERGED from [com.facebook.android:facebook-messenger:4.42.0] AndroidManifest.xml:21:1-31:12
MERGED from [com.facebook.android:facebook-core:4.42.0] AndroidManifest.xml:21:1-53:12
MERGED from [com.android.support:support-core-utils:27.1.1] AndroidManifest.xml:17:1-22:12
MERGED from [com.android.support:support-vector-drawable:27.1.1] AndroidManifest.xml:17:1-22:12
MERGED from [com.android.support:support-media-compat:27.1.1] AndroidManifest.xml:17:1-22:12
MERGED from [com.android.support:support-compat:27.1.1] AndroidManifest.xml:17:1-22:12
MERGED from [android.arch.lifecycle:runtime:1.1.0] AndroidManifest.xml:17:1-22:12
MERGED from [com.github.bumptech.glide:gifdecoder:4.8.0] AndroidManifest.xml:2:1-11:12
MERGED from [android.arch.lifecycle:livedata-core:1.1.0] AndroidManifest.xml:17:1-22:12
MERGED from [android.arch.core:runtime:1.1.0] AndroidManifest.xml:17:1-22:12
MERGED from [com.google.firebase:firebase-auth-license:11.6.0] AndroidManifest.xml:2:1-6:12
MERGED from [com.google.firebase:firebase-messaging-license:11.6.0] AndroidManifest.xml:2:1-6:12
MERGED from [android.arch.lifecycle:viewmodel:1.1.0] AndroidManifest.xml:17:1-22:12
MERGED from [com.kakao.sdk:s2-lite:1.2.2] AndroidManifest.xml:2:1-12:12
MERGED from [com.google.firebase:firebase-analytics-license:11.6.0] AndroidManifest.xml:2:1-6:12
MERGED from [com.google.android.gms:play-services-base-license:11.6.0] AndroidManifest.xml:2:1-6:12
MERGED from [com.google.android.gms:play-services-basement-license:11.6.0] AndroidManifest.xml:2:1-6:12
MERGED from [com.google.firebase:firebase-common-license:11.6.0] AndroidManifest.xml:2:1-6:12
MERGED from [com.google.android.gms:play-services-tasks-license:11.6.0] AndroidManifest.xml:2:1-6:12
MERGED from [com.google.firebase:firebase-iid-license:11.6.0] AndroidManifest.xml:2:1-6:12
MERGED from [com.google.android.gms:play-services-auth-api-phone-license:11.6.0] AndroidManifest.xml:2:1-6:12
MERGED from [com.google.android.gms:play-services-auth-base-license:11.6.0] AndroidManifest.xml:2:1-6:12
MERGED from [com.kakao.sdk:network:1.2.2] AndroidManifest.xml:2:1-12:12
MERGED from [com.google.firebase:firebase-analytics-impl-license:11.6.0] AndroidManifest.xml:2:1-6:12
MERGED from [com.kakao.sdk:util:1.2.2] AndroidManifest.xml:2:1-15:12
INJECTED from src/main/AndroidManifest.xml:2:1-149:12
INJECTED from src/main/AndroidManifest.xml:2:1-149:12
INJECTED from src/main/AndroidManifest.xml:2:1-149:12
	package
		ADDED from src/main/AndroidManifest.xml:4:5-35
		INJECTED from src/main/AndroidManifest.xml
		INJECTED from src/main/AndroidManifest.xml
	android:versionName
		INJECTED from src/main/AndroidManifest.xml
		ADDED from src/main/AndroidManifest.xml:2:1-149:12
		INJECTED from src/main/AndroidManifest.xml
	xmlns:tools
		ADDED from src/main/AndroidManifest.xml:3:5-51
	android:versionCode
		INJECTED from src/main/AndroidManifest.xml
		ADDED from src/main/AndroidManifest.xml:2:1-149:12
		INJECTED from src/main/AndroidManifest.xml
	xmlns:android
		ADDED from src/main/AndroidManifest.xml:2:11-69
	android:installLocation
		ADDED from src/main/AndroidManifest.xml:5:5-35
supports-screens
ADDED from src/main/AndroidManifest.xml:9:5-14:40
	android:largeScreens
		ADDED from src/main/AndroidManifest.xml:11:9-36
	android:smallScreens
		ADDED from src/main/AndroidManifest.xml:13:9-36
	android:normalScreens
		ADDED from src/main/AndroidManifest.xml:12:9-37
	android:xlargeScreens
		ADDED from src/main/AndroidManifest.xml:14:9-37
	android:anyDensity
		ADDED from src/main/AndroidManifest.xml:10:9-34
uses-feature#0x00020000
ADDED from src/main/AndroidManifest.xml:16:5-54
	android:glEsVersion
		ADDED from src/main/AndroidManifest.xml:16:19-51
uses-feature#android.hardware.vulkan
ADDED from src/main/AndroidManifest.xml:17:5-19:36
	android:required
		ADDED from src/main/AndroidManifest.xml:19:9-33
	android:name
		ADDED from src/main/AndroidManifest.xml:18:9-47
uses-feature#android.hardware.touchscreen
ADDED from src/main/AndroidManifest.xml:20:5-22:36
	android:required
		ADDED from src/main/AndroidManifest.xml:22:9-33
	android:name
		ADDED from src/main/AndroidManifest.xml:21:9-52
uses-feature#android.hardware.touchscreen.multitouch
ADDED from src/main/AndroidManifest.xml:23:5-25:36
	android:required
		ADDED from src/main/AndroidManifest.xml:25:9-33
	android:name
		ADDED from src/main/AndroidManifest.xml:24:9-63
uses-feature#android.hardware.touchscreen.multitouch.distinct
ADDED from src/main/AndroidManifest.xml:26:5-28:36
	android:required
		ADDED from src/main/AndroidManifest.xml:28:9-33
	android:name
		ADDED from src/main/AndroidManifest.xml:27:9-72
uses-permission#android.permission.INTERNET
ADDED from src/main/AndroidManifest.xml:30:5-67
MERGED from [UnityAds.aar] AndroidManifest.xml:12:5-67
MERGED from [UnityAds.aar] AndroidManifest.xml:12:5-67
MERGED from [:UnityAds:] AndroidManifest.xml:12:5-67
MERGED from [:UnityAds:] AndroidManifest.xml:12:5-67
MERGED from [:answers] AndroidManifest.xml:7:5-67
MERGED from [:answers] AndroidManifest.xml:7:5-67
MERGED from [:beta] AndroidManifest.xml:7:5-67
MERGED from [:beta] AndroidManifest.xml:7:5-67
MERGED from [:crashlytics] AndroidManifest.xml:7:5-67
MERGED from [:crashlytics] AndroidManifest.xml:7:5-67
MERGED from [:fabric-init] AndroidManifest.xml:7:5-67
MERGED from [:fabric-init] AndroidManifest.xml:7:5-67
MERGED from [com.google.firebase:firebase-analytics:11.6.0] AndroidManifest.xml:20:5-66
MERGED from [com.google.firebase:firebase-analytics:11.6.0] AndroidManifest.xml:20:5-66
MERGED from [com.google.firebase:firebase-analytics-impl:11.6.0] AndroidManifest.xml:20:5-66
MERGED from [com.google.firebase:firebase-analytics-impl:11.6.0] AndroidManifest.xml:20:5-66
MERGED from [com.google.firebase:firebase-iid:11.6.0] AndroidManifest.xml:20:5-66
MERGED from [com.google.firebase:firebase-iid:11.6.0] AndroidManifest.xml:20:5-66
	android:name
		ADDED from src/main/AndroidManifest.xml:30:22-64
uses-permission#android.permission.READ_EXTERNAL_STORAGE
ADDED from src/main/AndroidManifest.xml:31:5-80
	android:name
		ADDED from src/main/AndroidManifest.xml:31:22-77
uses-permission#android.permission.WRITE_EXTERNAL_STORAGE
ADDED from src/main/AndroidManifest.xml:32:5-81
	android:name
		ADDED from src/main/AndroidManifest.xml:32:22-78
uses-permission#android.permission.CAMERA
ADDED from src/main/AndroidManifest.xml:33:5-65
	android:name
		ADDED from src/main/AndroidManifest.xml:33:22-62
application
ADDED from src/main/AndroidManifest.xml:35:5-147:19
MERGED from [UnityAds.aar] AndroidManifest.xml:14:5-35:19
MERGED from [UnityAds.aar] AndroidManifest.xml:14:5-35:19
MERGED from [line-sdk-4.0.8.aar] AndroidManifest.xml:11:5-39:19
MERGED from [line-sdk-4.0.8.aar] AndroidManifest.xml:11:5-39:19
MERGED from [:UnityAds:] AndroidManifest.xml:14:5-35:19
MERGED from [:UnityAds:] AndroidManifest.xml:14:5-35:19
MERGED from [:answers] AndroidManifest.xml:9:5-10:19
MERGED from [:answers] AndroidManifest.xml:9:5-10:19
MERGED from [:beta] AndroidManifest.xml:9:5-10:19
MERGED from [:beta] AndroidManifest.xml:9:5-10:19
MERGED from [:crashlytics] AndroidManifest.xml:9:5-10:19
MERGED from [:crashlytics] AndroidManifest.xml:9:5-10:19
MERGED from [:crashlytics-wrapper] AndroidManifest.xml:7:5-8:19
MERGED from [:crashlytics-wrapper] AndroidManifest.xml:7:5-8:19
MERGED from [:fabric] AndroidManifest.xml:7:5-26:19
MERGED from [:fabric] AndroidManifest.xml:7:5-26:19
MERGED from [:fabric-init] AndroidManifest.xml:9:5-10:19
MERGED from [:fabric-init] AndroidManifest.xml:9:5-10:19
MERGED from [gun0912.ted:tedpermission:2.1.1] AndroidManifest.xml:9:5-15:19
MERGED from [gun0912.ted:tedpermission:2.1.1] AndroidManifest.xml:9:5-15:19
MERGED from [com.facebook.android:facebook-android-sdk:4.42.0] AndroidManifest.xml:28:5-29:19
MERGED from [com.facebook.android:facebook-android-sdk:4.42.0] AndroidManifest.xml:28:5-29:19
MERGED from [com.facebook.android:facebook-login:4.42.0] AndroidManifest.xml:28:5-29:19
MERGED from [com.facebook.android:facebook-login:4.42.0] AndroidManifest.xml:28:5-29:19
MERGED from [com.facebook.android:facebook-share:4.42.0] AndroidManifest.xml:28:5-29:19
MERGED from [com.facebook.android:facebook-share:4.42.0] AndroidManifest.xml:28:5-29:19
MERGED from [com.facebook.android:facebook-common:4.42.0] AndroidManifest.xml:28:5-35:19
MERGED from [com.facebook.android:facebook-common:4.42.0] AndroidManifest.xml:28:5-35:19
MERGED from [com.android.support.constraint:constraint-layout:1.1.3] AndroidManifest.xml:9:5-20
MERGED from [com.android.support.constraint:constraint-layout:1.1.3] AndroidManifest.xml:9:5-20
MERGED from [com.google.firebase:firebase-auth:11.6.0] AndroidManifest.xml:19:5-20:19
MERGED from [com.google.firebase:firebase-auth:11.6.0] AndroidManifest.xml:19:5-20:19
MERGED from [com.google.firebase:firebase-messaging:11.6.0] AndroidManifest.xml:19:5-29:19
MERGED from [com.google.firebase:firebase-messaging:11.6.0] AndroidManifest.xml:19:5-29:19
MERGED from [com.google.android.gms:play-services-auth:11.6.0] AndroidManifest.xml:19:5-25:19
MERGED from [com.google.android.gms:play-services-auth:11.6.0] AndroidManifest.xml:19:5-25:19
MERGED from [com.google.firebase:firebase-core:11.6.0] AndroidManifest.xml:5:5-20
MERGED from [com.google.firebase:firebase-core:11.6.0] AndroidManifest.xml:5:5-20
MERGED from [com.google.firebase:firebase-analytics:11.6.0] AndroidManifest.xml:24:5-34:19
MERGED from [com.google.firebase:firebase-analytics:11.6.0] AndroidManifest.xml:24:5-34:19
MERGED from [com.google.android.gms:play-services-base:11.6.0] AndroidManifest.xml:18:5-20:19
MERGED from [com.google.android.gms:play-services-base:11.6.0] AndroidManifest.xml:18:5-20:19
MERGED from [com.google.firebase:firebase-analytics-impl:11.6.0] AndroidManifest.xml:24:5-28:19
MERGED from [com.google.firebase:firebase-analytics-impl:11.6.0] AndroidManifest.xml:24:5-28:19
MERGED from [com.google.firebase:firebase-iid:11.6.0] AndroidManifest.xml:29:5-46:19
MERGED from [com.google.firebase:firebase-iid:11.6.0] AndroidManifest.xml:29:5-46:19
MERGED from [com.google.firebase:firebase-common:11.6.0] AndroidManifest.xml:4:5-7:19
MERGED from [com.google.firebase:firebase-common:11.6.0] AndroidManifest.xml:4:5-7:19
MERGED from [com.google.android.gms:play-services-tasks:11.6.0] AndroidManifest.xml:4:5-19
MERGED from [com.google.android.gms:play-services-tasks:11.6.0] AndroidManifest.xml:4:5-19
MERGED from [com.google.android.gms:play-services-basement:11.6.0] AndroidManifest.xml:19:5-21:19
MERGED from [com.google.android.gms:play-services-basement:11.6.0] AndroidManifest.xml:19:5-21:19
MERGED from [com.github.bumptech.glide:okhttp3-integration:4.8.0] AndroidManifest.xml:10:5-14:19
MERGED from [com.github.bumptech.glide:okhttp3-integration:4.8.0] AndroidManifest.xml:10:5-14:19
MERGED from [com.github.bumptech.glide:glide:4.8.0] AndroidManifest.xml:10:5-20
MERGED from [com.github.bumptech.glide:glide:4.8.0] AndroidManifest.xml:10:5-20
MERGED from [com.kakao.sdk:auth:1.2.2] AndroidManifest.xml:11:5-24:19
MERGED from [com.kakao.sdk:auth:1.2.2] AndroidManifest.xml:11:5-24:19
MERGED from [com.facebook.android:facebook-places:4.42.0] AndroidManifest.xml:28:5-29:19
MERGED from [com.facebook.android:facebook-places:4.42.0] AndroidManifest.xml:28:5-29:19
MERGED from [com.facebook.android:facebook-applinks:4.42.0] AndroidManifest.xml:28:5-29:19
MERGED from [com.facebook.android:facebook-applinks:4.42.0] AndroidManifest.xml:28:5-29:19
MERGED from [com.facebook.android:facebook-messenger:4.42.0] AndroidManifest.xml:28:5-29:19
MERGED from [com.facebook.android:facebook-messenger:4.42.0] AndroidManifest.xml:28:5-29:19
MERGED from [com.facebook.android:facebook-core:4.42.0] AndroidManifest.xml:28:5-51:19
MERGED from [com.facebook.android:facebook-core:4.42.0] AndroidManifest.xml:28:5-51:19
MERGED from [com.github.bumptech.glide:gifdecoder:4.8.0] AndroidManifest.xml:9:5-20
MERGED from [com.github.bumptech.glide:gifdecoder:4.8.0] AndroidManifest.xml:9:5-20
MERGED from [com.google.firebase:firebase-auth-license:11.6.0] AndroidManifest.xml:5:5-20
MERGED from [com.google.firebase:firebase-auth-license:11.6.0] AndroidManifest.xml:5:5-20
MERGED from [com.google.firebase:firebase-messaging-license:11.6.0] AndroidManifest.xml:5:5-20
MERGED from [com.google.firebase:firebase-messaging-license:11.6.0] AndroidManifest.xml:5:5-20
MERGED from [com.google.firebase:firebase-analytics-license:11.6.0] AndroidManifest.xml:5:5-20
MERGED from [com.google.firebase:firebase-analytics-license:11.6.0] AndroidManifest.xml:5:5-20
MERGED from [com.google.android.gms:play-services-base-license:11.6.0] AndroidManifest.xml:5:5-20
MERGED from [com.google.android.gms:play-services-base-license:11.6.0] AndroidManifest.xml:5:5-20
MERGED from [com.google.android.gms:play-services-basement-license:11.6.0] AndroidManifest.xml:5:5-20
MERGED from [com.google.android.gms:play-services-basement-license:11.6.0] AndroidManifest.xml:5:5-20
MERGED from [com.google.firebase:firebase-common-license:11.6.0] AndroidManifest.xml:5:5-20
MERGED from [com.google.firebase:firebase-common-license:11.6.0] AndroidManifest.xml:5:5-20
MERGED from [com.google.android.gms:play-services-tasks-license:11.6.0] AndroidManifest.xml:5:5-20
MERGED from [com.google.android.gms:play-services-tasks-license:11.6.0] AndroidManifest.xml:5:5-20
MERGED from [com.google.firebase:firebase-iid-license:11.6.0] AndroidManifest.xml:5:5-20
MERGED from [com.google.firebase:firebase-iid-license:11.6.0] AndroidManifest.xml:5:5-20
MERGED from [com.google.android.gms:play-services-auth-api-phone-license:11.6.0] AndroidManifest.xml:5:5-20
MERGED from [com.google.android.gms:play-services-auth-api-phone-license:11.6.0] AndroidManifest.xml:5:5-20
MERGED from [com.google.android.gms:play-services-auth-base-license:11.6.0] AndroidManifest.xml:5:5-20
MERGED from [com.google.android.gms:play-services-auth-base-license:11.6.0] AndroidManifest.xml:5:5-20
MERGED from [com.google.firebase:firebase-analytics-impl-license:11.6.0] AndroidManifest.xml:5:5-20
MERGED from [com.google.firebase:firebase-analytics-impl-license:11.6.0] AndroidManifest.xml:5:5-20
	android:supportsRtl
		ADDED from src/main/AndroidManifest.xml:43:9-35
	android:label
		ADDED from src/main/AndroidManifest.xml:40:9-41
	android:hardwareAccelerated
		ADDED from src/main/AndroidManifest.xml:38:9-43
	android:roundIcon
		ADDED from src/main/AndroidManifest.xml:42:9-47
	android:largeHeap
		ADDED from src/main/AndroidManifest.xml:41:9-33
	android:icon
		ADDED from src/main/AndroidManifest.xml:39:9-42
	android:allowBackup
		ADDED from src/main/AndroidManifest.xml:37:9-35
	android:theme
		ADDED from src/main/AndroidManifest.xml:44:9-40
	android:name
		ADDED from src/main/AndroidManifest.xml:36:9-34
meta-data#com.facebook.sdk.ApplicationId
ADDED from src/main/AndroidManifest.xml:48:9-50:55
	android:value
		ADDED from src/main/AndroidManifest.xml:50:13-52
	android:name
		ADDED from src/main/AndroidManifest.xml:49:13-58
meta-data#com.kakao.sdk.AppKey
ADDED from src/main/AndroidManifest.xml:51:9-53:53
	android:value
		ADDED from src/main/AndroidManifest.xml:53:13-50
	android:name
		ADDED from src/main/AndroidManifest.xml:52:13-48
activity#com.iindicar.indicar.view.main.splash.SplashActivity
ADDED from src/main/AndroidManifest.xml:55:9-61:20
	android:name
		ADDED from src/main/AndroidManifest.xml:55:19-66
intent-filter#action:name:android.intent.action.MAIN+category:name:android.intent.category.LAUNCHER
ADDED from src/main/AndroidManifest.xml:56:13-60:29
action#android.intent.action.MAIN
ADDED from src/main/AndroidManifest.xml:57:17-69
	android:name
		ADDED from src/main/AndroidManifest.xml:57:25-66
category#android.intent.category.LAUNCHER
ADDED from src/main/AndroidManifest.xml:59:17-77
	android:name
		ADDED from src/main/AndroidManifest.xml:59:27-74
activity#com.iindicar.indicar.view.main.login.LoginActivity
ADDED from src/main/AndroidManifest.xml:62:9-64:47
	android:launchMode
		ADDED from src/main/AndroidManifest.xml:64:13-44
	android:name
		ADDED from src/main/AndroidManifest.xml:63:13-58
activity#com.iindicar.indicar.view.main.login.KakaoSignupActivity
ADDED from src/main/AndroidManifest.xml:65:9-67:47
	android:launchMode
		ADDED from src/main/AndroidManifest.xml:67:13-44
	android:name
		ADDED from src/main/AndroidManifest.xml:66:13-64
activity#com.kakao.auth.authorization.authcode.KakaoWebViewActivity
ADDED from src/main/AndroidManifest.xml:68:9-77:20
MERGED from [com.kakao.sdk:auth:1.2.2] AndroidManifest.xml:12:9-23:20
MERGED from [com.kakao.sdk:auth:1.2.2] AndroidManifest.xml:12:9-23:20
	android:label
		ADDED from [com.kakao.sdk:auth:1.2.2] AndroidManifest.xml:15:13-59
	android:launchMode
		ADDED from src/main/AndroidManifest.xml:70:13-43
	android:windowSoftInputMode
		ADDED from src/main/AndroidManifest.xml:71:13-55
	android:configChanges
		ADDED from [com.kakao.sdk:auth:1.2.2] AndroidManifest.xml:14:13-59
	android:name
		ADDED from src/main/AndroidManifest.xml:69:13-86
intent-filter#action:name:android.intent.action.MAIN+category:name:android.intent.category.DEFAULT
ADDED from src/main/AndroidManifest.xml:72:13-76:29
category#android.intent.category.DEFAULT
ADDED from src/main/AndroidManifest.xml:75:17-76
	android:name
		ADDED from src/main/AndroidManifest.xml:75:27-73
activity#com.facebook.FacebookActivity
ADDED from src/main/AndroidManifest.xml:78:9-81:48
MERGED from [com.facebook.android:facebook-common:4.42.0] AndroidManifest.xml:29:9-32:66
MERGED from [com.facebook.android:facebook-common:4.42.0] AndroidManifest.xml:29:9-32:66
	android:label
		ADDED from src/main/AndroidManifest.xml:81:13-45
	android:configChanges
		ADDED from src/main/AndroidManifest.xml:80:13-96
	android:theme
		ADDED from [com.facebook.android:facebook-common:4.42.0] AndroidManifest.xml:32:13-63
	android:name
		ADDED from src/main/AndroidManifest.xml:79:13-57
activity#com.facebook.CustomTabActivity
ADDED from src/main/AndroidManifest.xml:82:9-93:20
MERGED from [com.facebook.android:facebook-common:4.42.0] AndroidManifest.xml:34:9-67
MERGED from [com.facebook.android:facebook-common:4.42.0] AndroidManifest.xml:34:9-67
	android:exported
		ADDED from src/main/AndroidManifest.xml:84:13-36
	android:name
		ADDED from src/main/AndroidManifest.xml:83:13-58
intent-filter#action:name:android.intent.action.VIEW+category:name:android.intent.category.BROWSABLE+category:name:android.intent.category.DEFAULT+data:scheme:fb1228514043878949
ADDED from src/main/AndroidManifest.xml:85:13-92:29
action#android.intent.action.VIEW
ADDED from src/main/AndroidManifest.xml:86:17-69
	android:name
		ADDED from src/main/AndroidManifest.xml:86:25-66
category#android.intent.category.BROWSABLE
ADDED from src/main/AndroidManifest.xml:89:17-78
	android:name
		ADDED from src/main/AndroidManifest.xml:89:27-75
data
ADDED from src/main/AndroidManifest.xml:91:17-61
	android:scheme
		ADDED from src/main/AndroidManifest.xml:91:23-58
activity#com.iindicar.indicar.view.main.join.JoinActivity
ADDED from src/main/AndroidManifest.xml:94:9-65
	android:name
		ADDED from src/main/AndroidManifest.xml:94:19-62
activity#com.iindicar.indicar.view.main.tutorial.TutorialActivity
ADDED from src/main/AndroidManifest.xml:95:9-97:50
	android:theme
		ADDED from src/main/AndroidManifest.xml:97:13-47
	android:name
		ADDED from src/main/AndroidManifest.xml:96:13-64
activity#com.iindicar.indicar.view.main.MainActivity
ADDED from src/main/AndroidManifest.xml:98:9-60
	android:name
		ADDED from src/main/AndroidManifest.xml:98:19-57
activity#com.iindicar.indicar.view.notice.noticeList.NoticeListActivity
ADDED from src/main/AndroidManifest.xml:99:9-79
	android:name
		ADDED from src/main/AndroidManifest.xml:99:19-76
activity#com.iindicar.indicar.view.notice.noticeDetail.NoticeDetailActivity
ADDED from src/main/AndroidManifest.xml:100:9-83
	android:name
		ADDED from src/main/AndroidManifest.xml:100:19-80
activity#com.iindicar.indicar.view.tuning.TuningActivity
ADDED from src/main/AndroidManifest.xml:101:9-64
	android:name
		ADDED from src/main/AndroidManifest.xml:101:19-61
activity#com.iindicar.indicar.UnityPlayerActivity
ADDED from src/main/AndroidManifest.xml:102:9-114:20
	android:screenOrientation
		ADDED from src/main/AndroidManifest.xml:109:13-50
	android:process
		ADDED from src/main/AndroidManifest.xml:108:13-43
	android:label
		ADDED from src/main/AndroidManifest.xml:106:13-45
	android:launchMode
		ADDED from src/main/AndroidManifest.xml:107:13-44
	android:hardwareAccelerated
		ADDED from src/main/AndroidManifest.xml:105:13-48
	android:configChanges
		ADDED from src/main/AndroidManifest.xml:104:13-194
	android:theme
		ADDED from src/main/AndroidManifest.xml:110:13-54
	android:name
		ADDED from src/main/AndroidManifest.xml:103:13-48
meta-data#unityplayer.UnityActivity
ADDED from src/main/AndroidManifest.xml:111:13-113:40
	android:value
		ADDED from src/main/AndroidManifest.xml:113:17-37
	android:name
		ADDED from src/main/AndroidManifest.xml:112:17-57
activity#com.iindicar.indicar.view.community.boardDetail.BoardDetailActivity
ADDED from src/main/AndroidManifest.xml:115:9-84
	android:name
		ADDED from src/main/AndroidManifest.xml:115:19-81
activity#com.iindicar.indicar.view.community.comment.CommentActivity
ADDED from src/main/AndroidManifest.xml:116:9-76
	android:name
		ADDED from src/main/AndroidManifest.xml:116:19-73
activity#com.iindicar.indicar.view.community.boardWrite.BoardWriteActivity
ADDED from src/main/AndroidManifest.xml:117:9-82
	android:name
		ADDED from src/main/AndroidManifest.xml:117:19-79
activity#com.iindicar.indicar.view.album.AlbumActivity
ADDED from src/main/AndroidManifest.xml:118:9-62
	android:name
		ADDED from src/main/AndroidManifest.xml:118:19-59
activity#com.iindicar.indicar.view.shopping.shoppingDetail.ShoppingDetailActivity
ADDED from src/main/AndroidManifest.xml:119:9-89
	android:name
		ADDED from src/main/AndroidManifest.xml:119:19-86
activity#com.iindicar.indicar.view.account.profile.NotifySettingActivity
ADDED from src/main/AndroidManifest.xml:120:9-80
	android:name
		ADDED from src/main/AndroidManifest.xml:120:19-77
activity#com.iindicar.indicar.view.account.profile.AccountSettingActivity
ADDED from src/main/AndroidManifest.xml:121:9-81
	android:name
		ADDED from src/main/AndroidManifest.xml:121:19-78
activity#com.iindicar.indicar.view.account.profile.LanguageSettingActivity
ADDED from src/main/AndroidManifest.xml:122:9-82
	android:name
		ADDED from src/main/AndroidManifest.xml:122:19-79
meta-data#unity.build-id
ADDED from src/main/AndroidManifest.xml:124:9-126:68
	android:value
		ADDED from src/main/AndroidManifest.xml:126:13-65
	android:name
		ADDED from src/main/AndroidManifest.xml:125:13-42
meta-data#unity.splash-mode
ADDED from src/main/AndroidManifest.xml:127:9-129:33
	android:value
		ADDED from src/main/AndroidManifest.xml:129:13-30
	android:name
		ADDED from src/main/AndroidManifest.xml:128:13-45
meta-data#unity.splash-enable
ADDED from src/main/AndroidManifest.xml:130:9-132:36
	android:value
		ADDED from src/main/AndroidManifest.xml:132:13-33
	android:name
		ADDED from src/main/AndroidManifest.xml:131:13-47
service#com.iindicar.indicar.service.BoardUploadService
ADDED from src/main/AndroidManifest.xml:134:9-63
	android:name
		ADDED from src/main/AndroidManifest.xml:134:18-60
provider#android.support.v4.content.FileProvider
ADDED from src/main/AndroidManifest.xml:136:9-144:20
	android:grantUriPermissions
		ADDED from src/main/AndroidManifest.xml:140:13-47
	android:authorities
		ADDED from src/main/AndroidManifest.xml:138:13-55
	android:exported
		ADDED from src/main/AndroidManifest.xml:139:13-37
	android:name
		ADDED from src/main/AndroidManifest.xml:137:13-67
meta-data#android.support.FILE_PROVIDER_PATHS
ADDED from src/main/AndroidManifest.xml:141:13-143:48
	android:resource
		ADDED from src/main/AndroidManifest.xml:143:17-45
	android:name
		ADDED from src/main/AndroidManifest.xml:142:17-67
activity#com.iindicar.indicar.view.main.LanguageActivity
ADDED from src/main/AndroidManifest.xml:146:9-73
	android:name
		ADDED from src/main/AndroidManifest.xml:146:19-61
uses-sdk
INJECTED from src/main/AndroidManifest.xml reason: use-sdk injection requested
INJECTED from src/main/AndroidManifest.xml
INJECTED from src/main/AndroidManifest.xml
MERGED from [UnityAds.aar] AndroidManifest.xml:7:5-9:41
MERGED from [UnityAds.aar] AndroidManifest.xml:7:5-9:41
MERGED from [line-sdk-4.0.8.aar] AndroidManifest.xml:7:5-9:41
MERGED from [line-sdk-4.0.8.aar] AndroidManifest.xml:7:5-9:41
MERGED from [com.android.databinding:adapters:3.2.0] AndroidManifest.xml:22:5-44
MERGED from [com.android.databinding:adapters:3.2.0] AndroidManifest.xml:22:5-44
MERGED from [com.android.databinding:library:3.2.0] AndroidManifest.xml:22:5-44
MERGED from [com.android.databinding:library:3.2.0] AndroidManifest.xml:22:5-44
MERGED from [:UnityAds:] AndroidManifest.xml:7:5-9:41
MERGED from [:UnityAds:] AndroidManifest.xml:7:5-9:41
MERGED from [:answers] AndroidManifest.xml:5:5-47
MERGED from [:answers] AndroidManifest.xml:5:5-47
MERGED from [:beta] AndroidManifest.xml:5:5-47
MERGED from [:beta] AndroidManifest.xml:5:5-47
MERGED from [:crashlytics] AndroidManifest.xml:5:5-47
MERGED from [:crashlytics] AndroidManifest.xml:5:5-47
MERGED from [:crashlytics-wrapper] AndroidManifest.xml:5:5-47
MERGED from [:crashlytics-wrapper] AndroidManifest.xml:5:5-47
MERGED from [:fabric] AndroidManifest.xml:5:5-47
MERGED from [:fabric] AndroidManifest.xml:5:5-47
MERGED from [:fabric-init] AndroidManifest.xml:5:5-47
MERGED from [:fabric-init] AndroidManifest.xml:5:5-47
MERGED from [com.android.support:design:27.1.1] AndroidManifest.xml:20:5-44
MERGED from [com.android.support:design:27.1.1] AndroidManifest.xml:20:5-44
MERGED from [gun0912.ted:tedpermission:2.1.1] AndroidManifest.xml:5:5-7:41
MERGED from [gun0912.ted:tedpermission:2.1.1] AndroidManifest.xml:5:5-7:41
MERGED from [com.facebook.android:facebook-android-sdk:4.42.0] AndroidManifest.xml:24:5-26:41